# JRE version: OpenJDK Runtime Environment Temurin-21.0.10+7 (21.0.10+7) (build 21.0.10+7-LTS)
# Java VM: OpenJDK 64-Bit Server VM Temurin-21.0.10+7 (21.0.10+7-LTS, mixed mode, sharing, tiered, compressed oops, compressed class ptrs, parallel gc, windows-amd64)
GC Precious Log:
 CardTable entry size: 512
 CPUs: 8 total, 8 available
 Memory: 7968M
 Large Page Support: Disabled
 NUMA Support: Disabled
 Compressed Oops: Enabled (32-bit)
 Alignments: Space 512K, Generation 512K, Heap 2M
 Heap Min Capacity: 100M
 Heap Initial Capacity: 100M
 Heap Max Capacity: 2G
 Pre-touch: Disabled
 Parallel Workers: 8
Heap:
 PSYoungGen      total 11776K, used 3719K [0x00000000d5580000, 0x00000000d6200000, 0x0000000100000000)
  eden space 11264K, 33% used [0x00000000d5580000,0x00000000d5921c90,0x00000000d6080000)
  from space 512K, 0% used [0x00000000d6180000,0x00000000d6180000,0x00000000d6200000)
  to   space 512K, 0% used [0x00000000d6080000,0x00000000d6080000,0x00000000d6100000)
 ParOldGen       total 88576K, used 67892K [0x0000000080000000, 0x0000000085680000, 0x00000000d5580000)
  object space 88576K, 76% used [0x0000000080000000,0x000000008424d318,0x0000000085680000)
 Metaspace       used 58372K, committed 59840K, reserved 1114112K
  class space    used 6258K, committed 6912K, reserved 1048576K
GC Heap History (20 events):
Event: 47.039 GC heap after
{Heap after GC invocations=95 (full 2):
 PSYoungGen      total 11776K, used 352K [0x00000000d5580000, 0x00000000d6280000, 0x0000000100000000)
  eden space 11264K, 0% used [0x00000000d5580000,0x00000000d5580000,0x00000000d6080000)
  from space 512K, 68% used [0x00000000d6180000,0x00000000d61d8000,0x00000000d6200000)
  to   space 512K, 0% used [0x00000000d6200000,0x00000000d6200000,0x00000000d6280000)
 ParOldGen       total 84480K, used 84339K [0x0000000080000000, 0x0000000085280000, 0x00000000d5580000)
  object space 84480K, 99% used [0x0000000080000000,0x000000008525cca8,0x0000000085280000)
 Metaspace       used 56079K, committed 57536K, reserved 1114112K
  class space    used 5972K, committed 6592K, reserved 1048576K
}
Event: 47.078 GC heap before
{Heap before GC invocations=96 (full 2):
 PSYoungGen      total 11776K, used 11616K [0x00000000d5580000, 0x00000000d6280000, 0x0000000100000000)
  eden space 11264K, 100% used [0x00000000d5580000,0x00000000d6080000,0x00000000d6080000)
  from space 512K, 68% used [0x00000000d6180000,0x00000000d61d8000,0x00000000d6200000)
  to   space 512K, 0% used [0x00000000d6200000,0x00000000d6200000,0x00000000d6280000)
 ParOldGen       total 84480K, used 84339K [0x0000000080000000, 0x0000000085280000, 0x00000000d5580000)
  object space 84480K, 99% used [0x0000000080000000,0x000000008525cca8,0x0000000085280000)
 Metaspace       used 56084K, committed 57536K, reserved 1114112K
  class space    used 5972K, committed 6592K, reserved 1048576K
}
Event: 47.080 GC heap after
{Heap after GC invocations=96 (full 2):
 PSYoungGen      total 11776K, used 384K [0x00000000d5580000, 0x00000000d6280000, 0x0000000100000000)
  eden space 11264K, 0% used [0x00000000d5580000,0x00000000d5580000,0x00000000d6080000)
  from space 512K, 75% used [0x00000000d6200000,0x00000000d6260000,0x00000000d6280000)
  to   space 512K, 0% used [0x00000000d6180000,0x00000000d6180000,0x00000000d6200000)
 ParOldGen       total 84992K, used 84603K [0x0000000080000000, 0x0000000085300000, 0x00000000d5580000)
  object space 84992K, 99% used [0x0000000080000000,0x000000008529eca8,0x0000000085300000)
 Metaspace       used 56084K, committed 57536K, reserved 1114112K
  class space    used 5972K, committed 6592K, reserved 1048576K
}
Event: 47.109 GC heap before
{Heap before GC invocations=97 (full 2):
 PSYoungGen      total 11776K, used 11648K [0x00000000d5580000, 0x00000000d6280000, 0x0000000100000000)
  eden space 11264K, 100% used [0x00000000d5580000,0x00000000d6080000,0x00000000d6080000)
  from space 512K, 75% used [0x00000000d6200000,0x00000000d6260000,0x00000000d6280000)
  to   space 512K, 0% used [0x00000000d6180000,0x00000000d6180000,0x00000000d6200000)
 ParOldGen       total 84992K, used 84603K [0x0000000080000000, 0x0000000085300000, 0x00000000d5580000)
  object space 84992K, 99% used [0x0000000080000000,0x000000008529eca8,0x0000000085300000)
 Metaspace       used 56085K, committed 57536K, reserved 1114112K
  class space    used 5972K, committed 6592K, reserved 1048576K
}
Event: 47.110 GC heap after
{Heap after GC invocations=97 (full 2):
 PSYoungGen      total 11776K, used 482K [0x00000000d5580000, 0x00000000d6280000, 0x0000000100000000)
  eden space 11264K, 0% used [0x00000000d5580000,0x00000000d5580000,0x00000000d6080000)
  from space 512K, 94% used [0x00000000d6180000,0x00000000d61f8800,0x00000000d6200000)
  to   space 512K, 0% used [0x00000000d6200000,0x00000000d6200000,0x00000000d6280000)
 ParOldGen       total 84992K, used 84835K [0x0000000080000000, 0x0000000085300000, 0x00000000d5580000)
  object space 84992K, 99% used [0x0000000080000000,0x00000000852d8ca8,0x0000000085300000)
 Metaspace       used 56085K, committed 57536K, reserved 1114112K
  class space    used 5972K, committed 6592K, reserved 1048576K
}
Event: 47.139 GC heap before
{Heap before GC invocations=98 (full 2):
 PSYoungGen      total 11776K, used 11746K [0x00000000d5580000, 0x00000000d6280000, 0x0000000100000000)
  eden space 11264K, 100% used [0x00000000d5580000,0x00000000d6080000,0x00000000d6080000)
  from space 512K, 94% used [0x00000000d6180000,0x00000000d61f8800,0x00000000d6200000)
  to   space 512K, 0% used [0x00000000d6200000,0x00000000d6200000,0x00000000d6280000)
 ParOldGen       total 84992K, used 84835K [0x0000000080000000, 0x0000000085300000, 0x00000000d5580000)
  object space 84992K, 99% used [0x0000000080000000,0x00000000852d8ca8,0x0000000085300000)
 Metaspace       used 56086K, committed 57536K, reserved 1114112K
  class space    used 5972K, committed 6592K, reserved 1048576K
}
Event: 47.141 GC heap after
{Heap after GC invocations=98 (full 2):
 PSYoungGen      total 11776K, used 352K [0x00000000d5580000, 0x00000000d6280000, 0x0000000100000000)
  eden space 11264K, 0% used [0x00000000d5580000,0x00000000d5580000,0x00000000d6080000)
  from space 512K, 68% used [0x00000000d6200000,0x00000000d6258000,0x00000000d6280000)
  to   space 512K, 0% used [0x00000000d6180000,0x00000000d6180000,0x00000000d6200000)
 ParOldGen       total 85504K, used 85205K [0x0000000080000000, 0x0000000085380000, 0x00000000d5580000)
  object space 85504K, 99% used [0x0000000080000000,0x00000000853354a8,0x0000000085380000)
 Metaspace       used 56086K, committed 57536K, reserved 1114112K
  class space    used 5972K, committed 6592K, reserved 1048576K
}
Event: 47.214 GC heap before
{Heap before GC invocations=99 (full 2):
 PSYoungGen      total 11776K, used 11616K [0x00000000d5580000, 0x00000000d6280000, 0x0000000100000000)
  eden space 11264K, 100% used [0x00000000d5580000,0x00000000d6080000,0x00000000d6080000)
  from space 512K, 68% used [0x00000000d6200000,0x00000000d6258000,0x00000000d6280000)
  to   space 512K, 0% used [0x00000000d6180000,0x00000000d6180000,0x00000000d6200000)
 ParOldGen       total 85504K, used 85205K [0x0000000080000000, 0x0000000085380000, 0x00000000d5580000)
  object space 85504K, 99% used [0x0000000080000000,0x00000000853354a8,0x0000000085380000)
 Metaspace       used 56210K, committed 57664K, reserved 1114112K
  class space    used 5983K, committed 6592K, reserved 1048576K
}
Event: 47.217 GC heap after
{Heap after GC invocations=99 (full 2):
 PSYoungGen      total 11776K, used 512K [0x00000000d5580000, 0x00000000d6380000, 0x0000000100000000)
  eden space 11264K, 0% used [0x00000000d5580000,0x00000000d5580000,0x00000000d6080000)
  from space 512K, 100% used [0x00000000d6180000,0x00000000d6200000,0x00000000d6200000)
  to   space 1536K, 0% used [0x00000000d6200000,0x00000000d6200000,0x00000000d6380000)
 ParOldGen       total 86016K, used 85845K [0x0000000080000000, 0x0000000085400000, 0x00000000d5580000)
  object space 86016K, 99% used [0x0000000080000000,0x00000000853d54a8,0x0000000085400000)
 Metaspace       used 56210K, committed 57664K, reserved 1114112K
  class space    used 5983K, committed 6592K, reserved 1048576K
}
Event: 47.253 GC heap before
{Heap before GC invocations=100 (full 2):
 PSYoungGen      total 11776K, used 11776K [0x00000000d5580000, 0x00000000d6380000, 0x0000000100000000)
  eden space 11264K, 100% used [0x00000000d5580000,0x00000000d6080000,0x00000000d6080000)
  from space 512K, 100% used [0x00000000d6180000,0x00000000d6200000,0x00000000d6200000)
  to   space 1536K, 0% used [0x00000000d6200000,0x00000000d6200000,0x00000000d6380000)
 ParOldGen       total 86016K, used 85845K [0x0000000080000000, 0x0000000085400000, 0x00000000d5580000)
  object space 86016K, 99% used [0x0000000080000000,0x00000000853d54a8,0x0000000085400000)
 Metaspace       used 56217K, committed 57664K, reserved 1114112K
  class space    used 5983K, committed 6592K, reserved 1048576K
}
Event: 47.255 GC heap after
{Heap after GC invocations=100 (full 2):
 PSYoungGen      total 12288K, used 896K [0x00000000d5580000, 0x00000000d6300000, 0x0000000100000000)
  eden space 11264K, 0% used [0x00000000d5580000,0x00000000d5580000,0x00000000d6080000)
  from space 1024K, 87% used [0x00000000d6200000,0x00000000d62e0010,0x00000000d6300000)
  to   space 1024K, 0% used [0x00000000d6100000,0x00000000d6100000,0x00000000d6200000)
 ParOldGen       total 86528K, used 86357K [0x0000000080000000, 0x0000000085480000, 0x00000000d5580000)
  object space 86528K, 99% used [0x0000000080000000,0x00000000854554a8,0x0000000085480000)
 Metaspace       used 56217K, committed 57664K, reserved 1114112K
  class space    used 5983K, committed 6592K, reserved 1048576K
}
Event: 47.463 GC heap before
{Heap before GC invocations=101 (full 2):
 PSYoungGen      total 12288K, used 12160K [0x00000000d5580000, 0x00000000d6300000, 0x0000000100000000)
  eden space 11264K, 100% used [0x00000000d5580000,0x00000000d6080000,0x00000000d6080000)
  from space 1024K, 87% used [0x00000000d6200000,0x00000000d62e0010,0x00000000d6300000)
  to   space 1024K, 0% used [0x00000000d6100000,0x00000000d6100000,0x00000000d6200000)
 ParOldGen       total 86528K, used 86357K [0x0000000080000000, 0x0000000085480000, 0x00000000d5580000)
  object space 86528K, 99% used [0x0000000080000000,0x00000000854554a8,0x0000000085480000)
 Metaspace       used 57283K, committed 58752K, reserved 1114112K
  class space    used 6099K, committed 6720K, reserved 1048576K
}
Event: 47.465 GC heap after
{Heap after GC invocations=101 (full 2):
 PSYoungGen      total 12288K, used 704K [0x00000000d5580000, 0x00000000d6280000, 0x0000000100000000)
  eden space 11264K, 0% used [0x00000000d5580000,0x00000000d5580000,0x00000000d6080000)
  from space 1024K, 68% used [0x00000000d6100000,0x00000000d61b0000,0x00000000d6200000)
  to   space 512K, 0% used [0x00000000d6200000,0x00000000d6200000,0x00000000d6280000)
 ParOldGen       total 87552K, used 87141K [0x0000000080000000, 0x0000000085580000, 0x00000000d5580000)
  object space 87552K, 99% used [0x0000000080000000,0x00000000855194b8,0x0000000085580000)
 Metaspace       used 57283K, committed 58752K, reserved 1114112K
  class space    used 6099K, committed 6720K, reserved 1048576K
}
Event: 47.756 GC heap before
{Heap before GC invocations=102 (full 2):
 PSYoungGen      total 12288K, used 11967K [0x00000000d5580000, 0x00000000d6280000, 0x0000000100000000)
  eden space 11264K, 99% used [0x00000000d5580000,0x00000000d607fff0,0x00000000d6080000)
  from space 1024K, 68% used [0x00000000d6100000,0x00000000d61b0000,0x00000000d6200000)
  to   space 512K, 0% used [0x00000000d6200000,0x00000000d6200000,0x00000000d6280000)
 ParOldGen       total 87552K, used 87141K [0x0000000080000000, 0x0000000085580000, 0x00000000d5580000)
  object space 87552K, 99% used [0x0000000080000000,0x00000000855194b8,0x0000000085580000)
 Metaspace       used 58078K, committed 59584K, reserved 1114112K
  class space    used 6205K, committed 6848K, reserved 1048576K
}
Event: 47.759 GC heap after
{Heap after GC invocations=102 (full 2):
 PSYoungGen      total 11776K, used 498K [0x00000000d5580000, 0x00000000d6380000, 0x0000000100000000)
  eden space 11264K, 0% used [0x00000000d5580000,0x00000000d5580000,0x00000000d6080000)
  from space 512K, 97% used [0x00000000d6200000,0x00000000d627cb18,0x00000000d6280000)
  to   space 1536K, 0% used [0x00000000d6080000,0x00000000d6080000,0x00000000d6200000)
 ParOldGen       total 88064K, used 87862K [0x0000000080000000, 0x0000000085600000, 0x00000000d5580000)
  object space 88064K, 99% used [0x0000000080000000,0x00000000855cd978,0x0000000085600000)
 Metaspace       used 58078K, committed 59584K, reserved 1114112K
  class space    used 6205K, committed 6848K, reserved 1048576K
}
Event: 47.945 GC heap before
{Heap before GC invocations=103 (full 2):
 PSYoungGen      total 11776K, used 11762K [0x00000000d5580000, 0x00000000d6380000, 0x0000000100000000)
  eden space 11264K, 100% used [0x00000000d5580000,0x00000000d6080000,0x00000000d6080000)
  from space 512K, 97% used [0x00000000d6200000,0x00000000d627cb18,0x00000000d6280000)
  to   space 1536K, 0% used [0x00000000d6080000,0x00000000d6080000,0x00000000d6200000)
 ParOldGen       total 88064K, used 87862K [0x0000000080000000, 0x0000000085600000, 0x00000000d5580000)
  object space 88064K, 99% used [0x0000000080000000,0x00000000855cd978,0x0000000085600000)
 Metaspace       used 58287K, committed 59712K, reserved 1114112K
  class space    used 6241K, committed 6848K, reserved 1048576K
}
Event: 47.947 GC heap after
{Heap after GC invocations=103 (full 2):
 PSYoungGen      total 11776K, used 160K [0x00000000d5580000, 0x00000000d6280000, 0x0000000100000000)
  eden space 11264K, 0% used [0x00000000d5580000,0x00000000d5580000,0x00000000d6080000)
  from space 512K, 31% used [0x00000000d6080000,0x00000000d60a8000,0x00000000d6100000)
  to   space 1024K, 0% used [0x00000000d6180000,0x00000000d6180000,0x00000000d6280000)
 ParOldGen       total 88576K, used 88291K [0x0000000080000000, 0x0000000085680000, 0x00000000d5580000)
  object space 88576K, 99% used [0x0000000080000000,0x0000000085638ff0,0x0000000085680000)
 Metaspace       used 58287K, committed 59712K, reserved 1114112K
  class space    used 6241K, committed 6848K, reserved 1048576K
}
Event: 48.000 GC heap before
{Heap before GC invocations=104 (full 2):
 PSYoungGen      total 11776K, used 2139K [0x00000000d5580000, 0x00000000d6280000, 0x0000000100000000)
  eden space 11264K, 17% used [0x00000000d5580000,0x00000000d576ee60,0x00000000d6080000)
  from space 512K, 31% used [0x00000000d6080000,0x00000000d60a8000,0x00000000d6100000)
  to   space 1024K, 0% used [0x00000000d6180000,0x00000000d6180000,0x00000000d6280000)
 ParOldGen       total 88576K, used 88291K [0x0000000080000000, 0x0000000085680000, 0x00000000d5580000)
  object space 88576K, 99% used [0x0000000080000000,0x0000000085638ff0,0x0000000085680000)
 Metaspace       used 58305K, committed 59776K, reserved 1114112K
  class space    used 6246K, committed 6848K, reserved 1048576K
}
Event: 48.001 GC heap after
{Heap after GC invocations=104 (full 2):
 PSYoungGen      total 11776K, used 256K [0x00000000d5580000, 0x00000000d6200000, 0x0000000100000000)
  eden space 11264K, 0% used [0x00000000d5580000,0x00000000d5580000,0x00000000d6080000)
  from space 512K, 50% used [0x00000000d6180000,0x00000000d61c0010,0x00000000d6200000)
  to   space 512K, 0% used [0x00000000d6080000,0x00000000d6080000,0x00000000d6100000)
 ParOldGen       total 88576K, used 88347K [0x0000000080000000, 0x0000000085680000, 0x00000000d5580000)
  object space 88576K, 99% used [0x0000000080000000,0x0000000085646ff0,0x0000000085680000)
 Metaspace       used 58305K, committed 59776K, reserved 1114112K
  class space    used 6246K, committed 6848K, reserved 1048576K
}
Event: 48.001 GC heap before
{Heap before GC invocations=105 (full 3):
 PSYoungGen      total 11776K, used 256K [0x00000000d5580000, 0x00000000d6200000, 0x0000000100000000)
  eden space 11264K, 0% used [0x00000000d5580000,0x00000000d5580000,0x00000000d6080000)
  from space 512K, 50% used [0x00000000d6180000,0x00000000d61c0010,0x00000000d6200000)
  to   space 512K, 0% used [0x00000000d6080000,0x00000000d6080000,0x00000000d6100000)
 ParOldGen       total 88576K, used 88347K [0x0000000080000000, 0x0000000085680000, 0x00000000d5580000)
  object space 88576K, 99% used [0x0000000080000000,0x0000000085646ff0,0x0000000085680000)
 Metaspace       used 58305K, committed 59776K, reserved 1114112K
  class space    used 6246K, committed 6848K, reserved 1048576K
}

