# JRE version: OpenJDK Runtime Environment Temurin-21.0.10+7 (21.0.10+7) (build 21.0.10+7-LTS)
# Java VM: OpenJDK 64-Bit Server VM Temurin-21.0.10+7 (21.0.10+7-LTS, mixed mode, sharing, tiered, compressed oops, compressed class ptrs, parallel gc, windows-amd64)
GC Precious Log:
 CardTable entry size: 512
 CPUs: 8 total, 8 available
 Memory: 7968M
 Large Page Support: Disabled
 NUMA Support: Disabled
 Compressed Oops: Enabled (32-bit)
 Alignments: Space 512K, Generation 512K, Heap 2M
 Heap Min Capacity: 100M
 Heap Initial Capacity: 100M
 Heap Max Capacity: 2G
 Pre-touch: Disabled
 Parallel Workers: 8
Heap:
 PSYoungGen      total 10240K, used 10240K [0x00000000d5580000, 0x00000000d6900000, 0x0000000100000000)
  eden space 7168K, 100% used [0x00000000d5580000,0x00000000d5c80000,0x00000000d5c80000)
  from space 3072K, 100% used [0x00000000d5c80000,0x00000000d5f80000,0x00000000d5f80000)
  to   space 5632K, 0% used [0x00000000d6380000,0x00000000d6380000,0x00000000d6900000)
 ParOldGen       total 1358848K, used 1358705K [0x0000000080000000, 0x00000000d2f00000, 0x00000000d5580000)
  object space 1358848K, 99% used [0x0000000080000000,0x00000000d2edc480,0x00000000d2f00000)
 Metaspace       used 86914K, committed 88896K, reserved 1179648K
  class space    used 8903K, committed 9792K, reserved 1048576K
GC Heap History (20 events):
Event: 260.665 GC heap before
{Heap before GC invocations=1140 (full 4):
 PSYoungGen      total 3584K, used 3127K [0x00000000d5580000, 0x00000000d5c80000, 0x0000000100000000)
  eden space 1536K, 99% used [0x00000000d5580000,0x00000000d56fffe8,0x00000000d5700000)
  from space 2048K, 77% used [0x00000000d5700000,0x00000000d588dee8,0x00000000d5900000)
  to   space 2560K, 0% used [0x00000000d5a00000,0x00000000d5a00000,0x00000000d5c80000)
 ParOldGen       total 1345024K, used 1344662K [0x0000000080000000, 0x00000000d2180000, 0x00000000d5580000)
  object space 1345024K, 99% used [0x0000000080000000,0x00000000d21258b8,0x00000000d2180000)
 Metaspace       used 86902K, committed 88896K, reserved 1179648K
  class space    used 8903K, committed 9792K, reserved 1048576K
}
Event: 260.671 GC heap after
{Heap after GC invocations=1140 (full 4):
 PSYoungGen      total 3584K, used 1107K [0x00000000d5580000, 0x00000000d5b80000, 0x0000000100000000)
  eden space 2048K, 0% used [0x00000000d5580000,0x00000000d5580000,0x00000000d5780000)
  from space 1536K, 72% used [0x00000000d5a00000,0x00000000d5b14c48,0x00000000d5b80000)
  to   space 1536K, 0% used [0x00000000d5880000,0x00000000d5880000,0x00000000d5a00000)
 ParOldGen       total 1346560K, used 1346181K [0x0000000080000000, 0x00000000d2300000, 0x00000000d5580000)
  object space 1346560K, 99% used [0x0000000080000000,0x00000000d22a17c0,0x00000000d2300000)
 Metaspace       used 86902K, committed 88896K, reserved 1179648K
  class space    used 8903K, committed 9792K, reserved 1048576K
}
Event: 260.695 GC heap before
{Heap before GC invocations=1141 (full 4):
 PSYoungGen      total 3584K, used 3155K [0x00000000d5580000, 0x00000000d5b80000, 0x0000000100000000)
  eden space 2048K, 100% used [0x00000000d5580000,0x00000000d5780000,0x00000000d5780000)
  from space 1536K, 72% used [0x00000000d5a00000,0x00000000d5b14c48,0x00000000d5b80000)
  to   space 1536K, 0% used [0x00000000d5880000,0x00000000d5880000,0x00000000d5a00000)
 ParOldGen       total 1346560K, used 1346181K [0x0000000080000000, 0x00000000d2300000, 0x00000000d5580000)
  object space 1346560K, 99% used [0x0000000080000000,0x00000000d22a17c0,0x00000000d2300000)
 Metaspace       used 86904K, committed 88896K, reserved 1179648K
  class space    used 8903K, committed 9792K, reserved 1048576K
}
Event: 260.707 GC heap after
{Heap after GC invocations=1141 (full 4):
 PSYoungGen      total 3072K, used 448K [0x00000000d5580000, 0x00000000d5a80000, 0x0000000100000000)
  eden space 2560K, 0% used [0x00000000d5580000,0x00000000d5580000,0x00000000d5800000)
  from space 512K, 87% used [0x00000000d5880000,0x00000000d58f0000,0x00000000d5900000)
  to   space 1024K, 0% used [0x00000000d5980000,0x00000000d5980000,0x00000000d5a80000)
 ParOldGen       total 1347584K, used 1347184K [0x0000000080000000, 0x00000000d2400000, 0x00000000d5580000)
  object space 1347584K, 99% used [0x0000000080000000,0x00000000d239c270,0x00000000d2400000)
 Metaspace       used 86904K, committed 88896K, reserved 1179648K
  class space    used 8903K, committed 9792K, reserved 1048576K
}
Event: 260.718 GC heap before
{Heap before GC invocations=1142 (full 4):
 PSYoungGen      total 3072K, used 3008K [0x00000000d5580000, 0x00000000d5a80000, 0x0000000100000000)
  eden space 2560K, 100% used [0x00000000d5580000,0x00000000d5800000,0x00000000d5800000)
  from space 512K, 87% used [0x00000000d5880000,0x00000000d58f0000,0x00000000d5900000)
  to   space 1024K, 0% used [0x00000000d5980000,0x00000000d5980000,0x00000000d5a80000)
 ParOldGen       total 1347584K, used 1347184K [0x0000000080000000, 0x00000000d2400000, 0x00000000d5580000)
  object space 1347584K, 99% used [0x0000000080000000,0x00000000d239c270,0x00000000d2400000)
 Metaspace       used 86904K, committed 88896K, reserved 1179648K
  class space    used 8903K, committed 9792K, reserved 1048576K
}
Event: 260.725 GC heap after
{Heap after GC invocations=1142 (full 4):
 PSYoungGen      total 4096K, used 672K [0x00000000d5580000, 0x00000000d5a80000, 0x0000000100000000)
  eden space 3072K, 0% used [0x00000000d5580000,0x00000000d5580000,0x00000000d5880000)
  from space 1024K, 65% used [0x00000000d5980000,0x00000000d5a28000,0x00000000d5a80000)
  to   space 1024K, 0% used [0x00000000d5880000,0x00000000d5880000,0x00000000d5980000)
 ParOldGen       total 1347584K, used 1347536K [0x0000000080000000, 0x00000000d2400000, 0x00000000d5580000)
  object space 1347584K, 99% used [0x0000000080000000,0x00000000d23f4290,0x00000000d2400000)
 Metaspace       used 86904K, committed 88896K, reserved 1179648K
  class space    used 8903K, committed 9792K, reserved 1048576K
}
Event: 260.746 GC heap before
{Heap before GC invocations=1143 (full 4):
 PSYoungGen      total 4096K, used 3744K [0x00000000d5580000, 0x00000000d5a80000, 0x0000000100000000)
  eden space 3072K, 100% used [0x00000000d5580000,0x00000000d5880000,0x00000000d5880000)
  from space 1024K, 65% used [0x00000000d5980000,0x00000000d5a28000,0x00000000d5a80000)
  to   space 1024K, 0% used [0x00000000d5880000,0x00000000d5880000,0x00000000d5980000)
 ParOldGen       total 1347584K, used 1347536K [0x0000000080000000, 0x00000000d2400000, 0x00000000d5580000)
  object space 1347584K, 99% used [0x0000000080000000,0x00000000d23f4290,0x00000000d2400000)
 Metaspace       used 86904K, committed 88896K, reserved 1179648K
  class space    used 8903K, committed 9792K, reserved 1048576K
}
Event: 260.751 GC heap after
{Heap after GC invocations=1143 (full 4):
 PSYoungGen      total 4096K, used 512K [0x00000000d5580000, 0x00000000d5b80000, 0x0000000100000000)
  eden space 3072K, 0% used [0x00000000d5580000,0x00000000d5580000,0x00000000d5880000)
  from space 1024K, 50% used [0x00000000d5880000,0x00000000d5900000,0x00000000d5980000)
  to   space 1024K, 0% used [0x00000000d5a80000,0x00000000d5a80000,0x00000000d5b80000)
 ParOldGen       total 1348096K, used 1348040K [0x0000000080000000, 0x00000000d2480000, 0x00000000d5580000)
  object space 1348096K, 99% used [0x0000000080000000,0x00000000d24722a0,0x00000000d2480000)
 Metaspace       used 86904K, committed 88896K, reserved 1179648K
  class space    used 8903K, committed 9792K, reserved 1048576K
}
Event: 260.768 GC heap before
{Heap before GC invocations=1144 (full 4):
 PSYoungGen      total 4096K, used 3584K [0x00000000d5580000, 0x00000000d5b80000, 0x0000000100000000)
  eden space 3072K, 100% used [0x00000000d5580000,0x00000000d5880000,0x00000000d5880000)
  from space 1024K, 50% used [0x00000000d5880000,0x00000000d5900000,0x00000000d5980000)
  to   space 1024K, 0% used [0x00000000d5a80000,0x00000000d5a80000,0x00000000d5b80000)
 ParOldGen       total 1348096K, used 1348040K [0x0000000080000000, 0x00000000d2480000, 0x00000000d5580000)
  object space 1348096K, 99% used [0x0000000080000000,0x00000000d24722a0,0x00000000d2480000)
 Metaspace       used 86904K, committed 88896K, reserved 1179648K
  class space    used 8903K, committed 9792K, reserved 1048576K
}
Event: 260.773 GC heap after
{Heap after GC invocations=1144 (full 4):
 PSYoungGen      total 4608K, used 960K [0x00000000d5580000, 0x00000000d5c80000, 0x0000000100000000)
  eden space 3584K, 0% used [0x00000000d5580000,0x00000000d5580000,0x00000000d5900000)
  from space 1024K, 93% used [0x00000000d5a80000,0x00000000d5b700d8,0x00000000d5b80000)
  to   space 1536K, 0% used [0x00000000d5900000,0x00000000d5900000,0x00000000d5a80000)
 ParOldGen       total 1349120K, used 1348784K [0x0000000080000000, 0x00000000d2580000, 0x00000000d5580000)
  object space 1349120K, 99% used [0x0000000080000000,0x00000000d252c388,0x00000000d2580000)
 Metaspace       used 86904K, committed 88896K, reserved 1179648K
  class space    used 8903K, committed 9792K, reserved 1048576K
}
Event: 260.793 GC heap before
{Heap before GC invocations=1145 (full 4):
 PSYoungGen      total 4608K, used 4544K [0x00000000d5580000, 0x00000000d5c80000, 0x0000000100000000)
  eden space 3584K, 100% used [0x00000000d5580000,0x00000000d5900000,0x00000000d5900000)
  from space 1024K, 93% used [0x00000000d5a80000,0x00000000d5b700d8,0x00000000d5b80000)
  to   space 1536K, 0% used [0x00000000d5900000,0x00000000d5900000,0x00000000d5a80000)
 ParOldGen       total 1349120K, used 1348784K [0x0000000080000000, 0x00000000d2580000, 0x00000000d5580000)
  object space 1349120K, 99% used [0x0000000080000000,0x00000000d252c388,0x00000000d2580000)
 Metaspace       used 86904K, committed 88896K, reserved 1179648K
  class space    used 8903K, committed 9792K, reserved 1048576K
}
Event: 260.800 GC heap after
{Heap after GC invocations=1145 (full 4):
 PSYoungGen      total 5120K, used 1536K [0x00000000d5580000, 0x00000000d6300000, 0x0000000100000000)
  eden space 3584K, 0% used [0x00000000d5580000,0x00000000d5580000,0x00000000d5900000)
  from space 1536K, 100% used [0x00000000d5900000,0x00000000d5a80000,0x00000000d5a80000)
  to   space 4608K, 0% used [0x00000000d5e80000,0x00000000d5e80000,0x00000000d6300000)
 ParOldGen       total 1351168K, used 1350993K [0x0000000080000000, 0x00000000d2780000, 0x00000000d5580000)
  object space 1351168K, 99% used [0x0000000080000000,0x00000000d2754460,0x00000000d2780000)
 Metaspace       used 86904K, committed 88896K, reserved 1179648K
  class space    used 8903K, committed 9792K, reserved 1048576K
}
Event: 260.811 GC heap before
{Heap before GC invocations=1146 (full 4):
 PSYoungGen      total 5120K, used 5120K [0x00000000d5580000, 0x00000000d6300000, 0x0000000100000000)
  eden space 3584K, 100% used [0x00000000d5580000,0x00000000d5900000,0x00000000d5900000)
  from space 1536K, 100% used [0x00000000d5900000,0x00000000d5a80000,0x00000000d5a80000)
  to   space 4608K, 0% used [0x00000000d5e80000,0x00000000d5e80000,0x00000000d6300000)
 ParOldGen       total 1351168K, used 1350993K [0x0000000080000000, 0x00000000d2780000, 0x00000000d5580000)
  object space 1351168K, 99% used [0x0000000080000000,0x00000000d2754460,0x00000000d2780000)
 Metaspace       used 86904K, committed 88896K, reserved 1179648K
  class space    used 8903K, committed 9792K, reserved 1048576K
}
Event: 260.817 GC heap after
{Heap after GC invocations=1146 (full 4):
 PSYoungGen      total 6656K, used 1856K [0x00000000d5580000, 0x00000000d6080000, 0x0000000100000000)
  eden space 4608K, 0% used [0x00000000d5580000,0x00000000d5580000,0x00000000d5a00000)
  from space 2048K, 90% used [0x00000000d5e80000,0x00000000d6050000,0x00000000d6080000)
  to   space 2560K, 0% used [0x00000000d5b80000,0x00000000d5b80000,0x00000000d5e00000)
 ParOldGen       total 1352704K, used 1352553K [0x0000000080000000, 0x00000000d2900000, 0x00000000d5580000)
  object space 1352704K, 99% used [0x0000000080000000,0x00000000d28da460,0x00000000d2900000)
 Metaspace       used 86904K, committed 88896K, reserved 1179648K
  class space    used 8903K, committed 9792K, reserved 1048576K
}
Event: 260.827 GC heap before
{Heap before GC invocations=1147 (full 4):
 PSYoungGen      total 6656K, used 6464K [0x00000000d5580000, 0x00000000d6080000, 0x0000000100000000)
  eden space 4608K, 100% used [0x00000000d5580000,0x00000000d5a00000,0x00000000d5a00000)
  from space 2048K, 90% used [0x00000000d5e80000,0x00000000d6050000,0x00000000d6080000)
  to   space 2560K, 0% used [0x00000000d5b80000,0x00000000d5b80000,0x00000000d5e00000)
 ParOldGen       total 1352704K, used 1352553K [0x0000000080000000, 0x00000000d2900000, 0x00000000d5580000)
  object space 1352704K, 99% used [0x0000000080000000,0x00000000d28da460,0x00000000d2900000)
 Metaspace       used 86904K, committed 88896K, reserved 1179648K
  class space    used 8903K, committed 9792K, reserved 1048576K
}
Event: 260.834 GC heap after
{Heap after GC invocations=1147 (full 4):
 PSYoungGen      total 8192K, used 2544K [0x00000000d5580000, 0x00000000d6500000, 0x0000000100000000)
  eden space 5632K, 0% used [0x00000000d5580000,0x00000000d5580000,0x00000000d5b00000)
  from space 2560K, 99% used [0x00000000d5b80000,0x00000000d5dfc010,0x00000000d5e00000)
  to   space 5120K, 0% used [0x00000000d6000000,0x00000000d6000000,0x00000000d6500000)
 ParOldGen       total 1354752K, used 1354281K [0x0000000080000000, 0x00000000d2b00000, 0x00000000d5580000)
  object space 1354752K, 99% used [0x0000000080000000,0x00000000d2a8a460,0x00000000d2b00000)
 Metaspace       used 86904K, committed 88896K, reserved 1179648K
  class space    used 8903K, committed 9792K, reserved 1048576K
}
Event: 260.859 GC heap before
{Heap before GC invocations=1148 (full 4):
 PSYoungGen      total 8192K, used 8176K [0x00000000d5580000, 0x00000000d6500000, 0x0000000100000000)
  eden space 5632K, 100% used [0x00000000d5580000,0x00000000d5b00000,0x00000000d5b00000)
  from space 2560K, 99% used [0x00000000d5b80000,0x00000000d5dfc010,0x00000000d5e00000)
  to   space 5120K, 0% used [0x00000000d6000000,0x00000000d6000000,0x00000000d6500000)
 ParOldGen       total 1354752K, used 1354281K [0x0000000080000000, 0x00000000d2b00000, 0x00000000d5580000)
  object space 1354752K, 99% used [0x0000000080000000,0x00000000d2a8a460,0x00000000d2b00000)
 Metaspace       used 86905K, committed 88896K, reserved 1179648K
  class space    used 8903K, committed 9792K, reserved 1048576K
}
Event: 260.867 GC heap after
{Heap after GC invocations=1148 (full 4):
 PSYoungGen      total 9728K, used 2320K [0x00000000d5580000, 0x00000000d6280000, 0x0000000100000000)
  eden space 7168K, 0% used [0x00000000d5580000,0x00000000d5580000,0x00000000d5c80000)
  from space 2560K, 90% used [0x00000000d6000000,0x00000000d6244000,0x00000000d6280000)
  to   space 3072K, 0% used [0x00000000d5c80000,0x00000000d5c80000,0x00000000d5f80000)
 ParOldGen       total 1357312K, used 1356825K [0x0000000080000000, 0x00000000d2d80000, 0x00000000d5580000)
  object space 1357312K, 99% used [0x0000000080000000,0x00000000d2d06470,0x00000000d2d80000)
 Metaspace       used 86905K, committed 88896K, reserved 1179648K
  class space    used 8903K, committed 9792K, reserved 1048576K
}
Event: 260.919 GC heap before
{Heap before GC invocations=1149 (full 4):
 PSYoungGen      total 9728K, used 9488K [0x00000000d5580000, 0x00000000d6280000, 0x0000000100000000)
  eden space 7168K, 100% used [0x00000000d5580000,0x00000000d5c80000,0x00000000d5c80000)
  from space 2560K, 90% used [0x00000000d6000000,0x00000000d6244000,0x00000000d6280000)
  to   space 3072K, 0% used [0x00000000d5c80000,0x00000000d5c80000,0x00000000d5f80000)
 ParOldGen       total 1357312K, used 1356825K [0x0000000080000000, 0x00000000d2d80000, 0x00000000d5580000)
  object space 1357312K, 99% used [0x0000000080000000,0x00000000d2d06470,0x00000000d2d80000)
 Metaspace       used 86910K, committed 88896K, reserved 1179648K
  class space    used 8903K, committed 9792K, reserved 1048576K
}
Event: 260.929 GC heap after
{Heap after GC invocations=1149 (full 4):
 PSYoungGen      total 10240K, used 3072K [0x00000000d5580000, 0x00000000d6900000, 0x0000000100000000)
  eden space 7168K, 0% used [0x00000000d5580000,0x00000000d5580000,0x00000000d5c80000)
  from space 3072K, 100% used [0x00000000d5c80000,0x00000000d5f80000,0x00000000d5f80000)
  to   space 5632K, 0% used [0x00000000d6380000,0x00000000d6380000,0x00000000d6900000)
 ParOldGen       total 1358848K, used 1358705K [0x0000000080000000, 0x00000000d2f00000, 0x00000000d5580000)
  object space 1358848K, 99% used [0x0000000080000000,0x00000000d2edc480,0x00000000d2f00000)
 Metaspace       used 86910K, committed 88896K, reserved 1179648K
  class space    used 8903K, committed 9792K, reserved 1048576K
}

